Build started 10/31/2018 7:10:17 PM.
     1>Project "C:\Users\Gabi\Desktop\TMP_UP_2_BEST_FOR_GITHUB\Up2Best\Up2Best.vcxproj" on node 2 (Build target(s)).
       Project file contains ToolsVersion="14.0". This toolset may be unknown or missing, in which case you may be able to resolve this by installing the appropriate version of MSBuild, or the build may have been forced to a particular ToolsVersion for policy reasons. Treating the project as if it had ToolsVersion="4.0". For more information, please see http://go.microsoft.com/fwlink/?LinkId=291333.
     1>ClCompile:
         G:\Programs\Visual Studio 2012 Professional\VC\bin\CL.exe /c /ZI /nologo /W4 /WX- /sdl /Od /Oy- /D WIN32 /D _DEBUG /D _CONSOLE /D _LIB /D _UNICODE /D UNICODE /Gm /EHsc /RTCc /RTC1 /MDd /GS /fp:precise /Zc:wchar_t /Zc:forScope /Yc"stdafx.h" /Fp"Debug\Up2Best.pch" /Fo"Debug\\" /Fd"Debug\vc110.pdb" /Gd /TP /analyze- /errorReport:prompt stdafx.cpp
         stdafx.cpp
         G:\Programs\Visual Studio 2012 Professional\VC\bin\CL.exe /c /ZI /nologo /W4 /WX- /sdl /Od /Oy- /D WIN32 /D _DEBUG /D _CONSOLE /D _LIB /D _UNICODE /D UNICODE /Gm /EHsc /RTCc /RTC1 /MDd /GS /fp:precise /Zc:wchar_t /Zc:forScope /Yu"stdafx.h" /Fp"Debug\Up2Best.pch" /Fo"Debug\\" /Fd"Debug\vc110.pdb" /Gd /TP /analyze- /errorReport:prompt Direct_Access_Image.cpp Resample.cpp Up2Best.cpp
         Up2Best.cpp
     1>c:\users\gabi\desktop\tmp_up_2_best_for_github\up2best\up2best.cpp(179): warning C4244: 'argument' : conversion from 'int' to 'unsigned char', possible loss of data
     1>c:\users\gabi\desktop\tmp_up_2_best_for_github\up2best\up2best.cpp(186): warning C4244: 'argument' : conversion from 'int' to 'unsigned char', possible loss of data
     1>c:\users\gabi\desktop\tmp_up_2_best_for_github\up2best\up2best.cpp(189): warning C4389: '!=' : signed/unsigned mismatch
     1>c:\users\gabi\desktop\tmp_up_2_best_for_github\up2best\up2best.cpp(267): warning C4244: 'initializing' : conversion from 'float' to 'unsigned int', possible loss of data
     1>c:\users\gabi\desktop\tmp_up_2_best_for_github\up2best\up2best.cpp(306): warning C4244: '+=' : conversion from 'int' to 'BYTE', possible loss of data
     1>c:\users\gabi\desktop\tmp_up_2_best_for_github\up2best\up2best.cpp(326): warning C4018: '<' : signed/unsigned mismatch
     1>c:\users\gabi\desktop\tmp_up_2_best_for_github\up2best\up2best.cpp(327): warning C4018: '<' : signed/unsigned mismatch
         Resample.cpp
         Direct_Access_Image.cpp
         Generating Code...
       Link:
         G:\Programs\Visual Studio 2012 Professional\VC\bin\link.exe /ERRORREPORT:PROMPT /OUT:"C:\Users\Gabi\Desktop\TMP_UP_2_BEST_FOR_GITHUB\Up2Best\Debug\Up2Best.exe" /INCREMENTAL /NOLOGO /LIBPATH:bzip2 libbz2.lib kernel32.lib user32.lib gdi32.lib winspool.lib comdlg32.lib advapi32.lib shell32.lib ole32.lib oleaut32.lib uuid.lib odbc32.lib odbccp32.lib kernel32.lib user32.lib gdi32.lib winspool.lib comdlg32.lib advapi32.lib shell32.lib ole32.lib oleaut32.lib uuid.lib odbc32.lib odbccp32.lib /MANIFEST /MANIFESTUAC:"level='asInvoker' uiAccess='false'" /manifest:embed /DEBUG /PDB:"C:\Users\Gabi\Desktop\TMP_UP_2_BEST_FOR_GITHUB\Up2Best\Debug\Up2Best.pdb" /SUBSYSTEM:CONSOLE /TLBID:1 /DYNAMICBASE /NXCOMPAT /IMPLIB:"C:\Users\Gabi\Desktop\TMP_UP_2_BEST_FOR_GITHUB\Up2Best\Debug\Up2Best.lib" /MACHINE:X86 Debug\Direct_Access_Image.obj
         Debug\Resample.obj
         Debug\stdafx.obj
         Debug\Up2Best.obj
         Up2Best.vcxproj -> C:\Users\Gabi\Desktop\TMP_UP_2_BEST_FOR_GITHUB\Up2Best\Debug\Up2Best.exe
     1>Done Building Project "C:\Users\Gabi\Desktop\TMP_UP_2_BEST_FOR_GITHUB\Up2Best\Up2Best.vcxproj" (Build target(s)).

Build succeeded.

Time Elapsed 00:00:12.18
